{"C:\\ALO\\YH Systemutvecklare\\VS Code\\7. Fullstack\\7-uppg1-Word-Game\\feedback.js": {"path":"C:\\ALO\\YH Systemutvecklare\\VS Code\\7. Fullstack\\7-uppg1-Word-Game\\feedback.js","all":false,"statementMap":{"0":{"start":{"line":1,"column":0},"end":{"line":1,"column":58}},"1":{"start":{"line":2,"column":0},"end":{"line":2,"column":46}},"2":{"start":{"line":3,"column":0},"end":{"line":3,"column":42}},"3":{"start":{"line":4,"column":0},"end":{"line":4,"column":0}},"4":{"start":{"line":5,"column":0},"end":{"line":5,"column":24}},"5":{"start":{"line":6,"column":0},"end":{"line":6,"column":0}},"6":{"start":{"line":7,"column":0},"end":{"line":7,"column":44}},"7":{"start":{"line":8,"column":0},"end":{"line":8,"column":0}},"8":{"start":{"line":9,"column":0},"end":{"line":9,"column":23}},"9":{"start":{"line":10,"column":0},"end":{"line":10,"column":28}},"10":{"start":{"line":11,"column":0},"end":{"line":11,"column":29}},"11":{"start":{"line":12,"column":0},"end":{"line":12,"column":28}},"12":{"start":{"line":13,"column":0},"end":{"line":13,"column":0}},"13":{"start":{"line":14,"column":0},"end":{"line":14,"column":42}},"14":{"start":{"line":15,"column":0},"end":{"line":15,"column":36}},"15":{"start":{"line":16,"column":0},"end":{"line":16,"column":45}},"16":{"start":{"line":17,"column":0},"end":{"line":17,"column":34}},"17":{"start":{"line":18,"column":0},"end":{"line":18,"column":16}},"18":{"start":{"line":19,"column":0},"end":{"line":19,"column":36}},"19":{"start":{"line":20,"column":0},"end":{"line":20,"column":9}},"20":{"start":{"line":21,"column":0},"end":{"line":21,"column":0}},"21":{"start":{"line":22,"column":0},"end":{"line":22,"column":27}},"22":{"start":{"line":23,"column":0},"end":{"line":23,"column":5}},"23":{"start":{"line":24,"column":0},"end":{"line":24,"column":16}},"24":{"start":{"line":25,"column":0},"end":{"line":25,"column":1}}},"s":{"0":1,"1":8,"2":8,"3":8,"4":8,"5":8,"6":8,"7":32,"8":32,"9":32,"10":32,"11":32,"12":32,"13":32,"14":12,"15":32,"16":11,"17":20,"18":9,"19":9,"20":32,"21":32,"22":32,"23":8,"24":8},"branchMap":{"0":{"type":"branch","line":1,"loc":{"start":{"line":1,"column":15},"end":{"line":25,"column":1}},"locations":[{"start":{"line":1,"column":15},"end":{"line":25,"column":1}}]},"1":{"type":"branch","line":7,"loc":{"start":{"line":7,"column":43},"end":{"line":23,"column":5}},"locations":[{"start":{"line":7,"column":43},"end":{"line":23,"column":5}}]},"2":{"type":"branch","line":14,"loc":{"start":{"line":14,"column":41},"end":{"line":16,"column":9}},"locations":[{"start":{"line":14,"column":41},"end":{"line":16,"column":9}}]},"3":{"type":"branch","line":16,"loc":{"start":{"line":16,"column":9},"end":{"line":20,"column":9}},"locations":[{"start":{"line":16,"column":9},"end":{"line":20,"column":9}}]},"4":{"type":"branch","line":16,"loc":{"start":{"line":16,"column":44},"end":{"line":18,"column":9}},"locations":[{"start":{"line":16,"column":44},"end":{"line":18,"column":9}}]},"5":{"type":"branch","line":18,"loc":{"start":{"line":18,"column":9},"end":{"line":20,"column":9}},"locations":[{"start":{"line":18,"column":9},"end":{"line":20,"column":9}}]}},"b":{"0":[8],"1":[32],"2":[12],"3":[20],"4":[11],"5":[9]},"fnMap":{"0":{"name":"feedback","decl":{"start":{"line":1,"column":15},"end":{"line":25,"column":1}},"loc":{"start":{"line":1,"column":15},"end":{"line":25,"column":1}},"line":1}},"f":{"0":8}}
,"C:\\ALO\\YH Systemutvecklare\\VS Code\\7. Fullstack\\7-uppg1-Word-Game\\selectWord.js": {"path":"C:\\ALO\\YH Systemutvecklare\\VS Code\\7. Fullstack\\7-uppg1-Word-Game\\selectWord.js","all":false,"statementMap":{"0":{"start":{"line":1,"column":0},"end":{"line":1,"column":77}},"1":{"start":{"line":2,"column":0},"end":{"line":2,"column":96}},"2":{"start":{"line":3,"column":0},"end":{"line":3,"column":89}},"3":{"start":{"line":4,"column":0},"end":{"line":4,"column":60}},"4":{"start":{"line":5,"column":0},"end":{"line":5,"column":20}},"5":{"start":{"line":6,"column":0},"end":{"line":6,"column":16}},"6":{"start":{"line":7,"column":0},"end":{"line":7,"column":71}},"7":{"start":{"line":8,"column":0},"end":{"line":8,"column":42}},"8":{"start":{"line":9,"column":0},"end":{"line":9,"column":0}},"9":{"start":{"line":10,"column":0},"end":{"line":10,"column":18}},"10":{"start":{"line":11,"column":0},"end":{"line":11,"column":5}},"11":{"start":{"line":12,"column":0},"end":{"line":12,"column":1}},"12":{"start":{"line":13,"column":0},"end":{"line":13,"column":0}},"13":{"start":{"line":14,"column":0},"end":{"line":14,"column":59}},"14":{"start":{"line":15,"column":0},"end":{"line":15,"column":60}},"15":{"start":{"line":16,"column":0},"end":{"line":16,"column":19}},"16":{"start":{"line":17,"column":0},"end":{"line":17,"column":12}},"17":{"start":{"line":18,"column":0},"end":{"line":18,"column":71}},"18":{"start":{"line":19,"column":0},"end":{"line":19,"column":42}},"19":{"start":{"line":20,"column":0},"end":{"line":20,"column":0}},"20":{"start":{"line":21,"column":0},"end":{"line":21,"column":18}},"21":{"start":{"line":22,"column":0},"end":{"line":22,"column":6}}},"s":{"0":1,"1":8,"2":8,"3":8,"4":7,"5":8,"6":1,"7":1,"8":1,"9":1,"10":1,"11":8,"12":1,"13":1,"14":1,"15":1,"16":1,"17":1,"18":1,"19":1,"20":1,"21":1},"branchMap":{"0":{"type":"branch","line":1,"loc":{"start":{"line":1,"column":15},"end":{"line":12,"column":1}},"locations":[{"start":{"line":1,"column":15},"end":{"line":12,"column":1}}]},"1":{"type":"branch","line":2,"loc":{"start":{"line":2,"column":34},"end":{"line":2,"column":92}},"locations":[{"start":{"line":2,"column":34},"end":{"line":2,"column":92}}]},"2":{"type":"branch","line":2,"loc":{"start":{"line":2,"column":92},"end":{"line":3,"column":62}},"locations":[{"start":{"line":2,"column":92},"end":{"line":3,"column":62}}]},"3":{"type":"branch","line":3,"loc":{"start":{"line":3,"column":62},"end":{"line":3,"column":85}},"locations":[{"start":{"line":3,"column":62},"end":{"line":3,"column":85}}]},"4":{"type":"branch","line":3,"loc":{"start":{"line":3,"column":85},"end":{"line":4,"column":26}},"locations":[{"start":{"line":3,"column":85},"end":{"line":4,"column":26}}]},"5":{"type":"branch","line":4,"loc":{"start":{"line":4,"column":26},"end":{"line":4,"column":57}},"locations":[{"start":{"line":4,"column":26},"end":{"line":4,"column":57}}]},"6":{"type":"branch","line":4,"loc":{"start":{"line":4,"column":59},"end":{"line":6,"column":5}},"locations":[{"start":{"line":4,"column":59},"end":{"line":6,"column":5}}]},"7":{"type":"branch","line":6,"loc":{"start":{"line":6,"column":5},"end":{"line":11,"column":5}},"locations":[{"start":{"line":6,"column":5},"end":{"line":11,"column":5}}]},"8":{"type":"branch","line":3,"loc":{"start":{"line":3,"column":22},"end":{"line":3,"column":61}},"locations":[{"start":{"line":3,"column":22},"end":{"line":3,"column":61}}]}},"b":{"0":[8],"1":[7],"2":[6],"3":[5],"4":[4],"5":[3],"6":[7],"7":[1],"8":[46]},"fnMap":{"0":{"name":"selectWord","decl":{"start":{"line":1,"column":15},"end":{"line":12,"column":1}},"loc":{"start":{"line":1,"column":15},"end":{"line":12,"column":1}},"line":1}},"f":{"0":8}}
}
