TN:
SF:feedback.js
FN:1,feedback
FNF:1
FNH:1
FNDA:8,feedback
DA:1,1
DA:2,8
DA:3,8
DA:4,8
DA:5,8
DA:6,8
DA:7,8
DA:8,32
DA:9,32
DA:10,32
DA:11,32
DA:12,32
DA:13,32
DA:14,32
DA:15,12
DA:16,32
DA:17,11
DA:18,20
DA:19,9
DA:20,9
DA:21,32
DA:22,32
DA:23,32
DA:24,8
DA:25,8
LF:25
LH:25
BRDA:1,0,0,8
BRDA:7,1,0,32
BRDA:14,2,0,12
BRDA:16,3,0,20
BRDA:16,4,0,11
BRDA:18,5,0,9
BRF:6
BRH:6
end_of_record
TN:
SF:selectWord.js
FN:1,noRepeat
FN:26,repeat
FN:52,selectWord
FNF:3
FNH:3
FNDA:4,noRepeat
FNDA:2,repeat
FNDA:14,selectWord
DA:1,4
DA:2,4
DA:3,4
DA:4,4
DA:5,4
DA:6,4
DA:7,4
DA:8,4
DA:9,22
DA:10,13
DA:11,13
DA:12,4
DA:13,4
DA:14,4
DA:15,1
DA:16,1
DA:17,1
DA:18,1
DA:19,4
DA:20,3
DA:21,3
DA:22,3
DA:23,3
DA:24,4
DA:25,1
DA:26,2
DA:27,2
DA:28,2
DA:29,2
DA:30,2
DA:31,2
DA:32,2
DA:33,2
DA:34,11
DA:35,5
DA:36,5
DA:37,2
DA:38,2
DA:39,2
DA:40,1
DA:41,1
DA:42,1
DA:43,1
DA:44,1
DA:45,1
DA:46,1
DA:47,1
DA:48,1
DA:49,2
DA:50,1
DA:51,1
DA:52,1
DA:53,14
DA:54,14
DA:55,14
DA:56,14
DA:57,7
DA:58,7
DA:59,7
DA:60,1
DA:61,1
DA:62,1
DA:63,1
DA:64,7
DA:65,4
DA:66,4
DA:67,6
DA:68,2
DA:69,2
DA:70,14
LF:70
LH:70
BRDA:1,0,0,4
BRDA:14,1,0,1
BRDA:19,2,0,3
BRDA:5,3,0,112
BRDA:6,4,0,22
BRDA:8,5,0,22
BRDA:9,6,0,13
BRDA:9,7,0,120
BRDA:26,8,0,2
BRDA:39,9,0,1
BRDA:30,10,0,56
BRDA:31,11,0,11
BRDA:33,12,0,11
BRDA:34,13,0,5
BRDA:34,14,0,56
BRDA:52,15,0,14
BRDA:54,16,0,13
BRDA:54,17,0,12
BRDA:55,18,0,11
BRDA:55,19,0,10
BRDA:56,20,0,9
BRDA:56,21,0,7
BRDA:59,22,0,1
BRDA:64,23,0,6
BRDA:64,24,0,4
BRDA:67,25,0,2
BRDA:55,26,0,309
BRDA:59,27,0,196
BRF:28
BRH:28
end_of_record
